<?xml version="1.0" encoding="UTF-8"?>
<testsuite xmlns:xsi="http://www.w3.org/2001/XMLSchema-instance" xsi:noNamespaceSchemaLocation="https://maven.apache.org/surefire/maven-surefire-plugin/xsd/surefire-test-report.xsd" name="TetrisTest" time="0.078" tests="84" errors="0" skipped="0" failures="0">
  <properties>
[...]
</properties>
  <testcase name="rotarIzquierdaStickDColuma1_Test" classname="TetrisTest" time="0.004"/>
  <testcase name="rotarDerechaDogLeftColumna0_test" classname="TetrisTest" time="0"/>
  <testcase name="rotarDerechaPiezaEnElBoard_Test" classname="TetrisTest" time="0.002"/>
  <testcase name="RotarDerecha2VecesStick_Test" classname="TetrisTest" time="0"/>
  <testcase name="rotarIzquierda2VecesDogRight_Test" classname="TetrisTest" time="0"/>
  <testcase name="alMoverHaciaAbajoLasPiezasSeSuperponen_Test" classname="TetrisTest" time="0.001"/>
  <testcase name="RotarIzquierdaStick_Test" classname="TetrisTest" time="0"/>
  <testcase name="rotarDerechaTColumna0_Test" classname="TetrisTest" time="0"/>
  <testcase name="rotarDerechaT_Test" classname="TetrisTest" time="0"/>
  <testcase name="rotarDerecha3VecesLRight_Test" classname="TetrisTest" time="0.003"/>
  <testcase name="rotarDerecha4VecesLLeft_Test" classname="TetrisTest" time="0"/>
  <testcase name="rotarIzquierdaDogLeftColumna0_test" classname="TetrisTest" time="0"/>
  <testcase name="rotarIzquierdaDogRight_Test" classname="TetrisTest" time="0"/>
  <testcase name="Posiciones_Test" classname="TetrisTest" time="0"/>
  <testcase name="moverColumna2VecesIzquierdaStick_Test" classname="TetrisTest" time="0"/>
  <testcase name="rotarDerecha2VecesDogLeft_Test" classname="TetrisTest" time="0"/>
  <testcase name="agregarUnaPiezaRotadaHaciaLaIzquierdaEnElBoard_Test" classname="TetrisTest" time="0"/>
  <testcase name="PieceStick_Test" classname="TetrisTest" time="0"/>
  <testcase name="rotarIzquierda4VecesLRight_Test" classname="TetrisTest" time="0"/>
  <testcase name="agregarUnaPiezaEnElBoard_Test" classname="TetrisTest" time="0"/>
  <testcase name="rotarDerechaStickDColuma1_Test" classname="TetrisTest" time="0"/>
  <testcase name="rotarDerecha3VecesLLeft_Test" classname="TetrisTest" time="0"/>
  <testcase name="rotarIzquierdaDogLeftRotadoDerecha" classname="TetrisTest" time="0"/>
  <testcase name="moverColumnaIzquierdaDogRight_Test" classname="TetrisTest" time="0"/>
  <testcase name="rotarDerecha2VecesT_Test" classname="TetrisTest" time="0"/>
  <testcase name="createBoard_Test" classname="TetrisTest" time="0"/>
  <testcase name="rotarDerecha3VecesT_Test" classname="TetrisTest" time="0"/>
  <testcase name="PieceT_Test" classname="TetrisTest" time="0"/>
  <testcase name="moverHaciaAbajoYRotarPieza_Test" classname="TetrisTest" time="0"/>
  <testcase name="rotarDerecha2VecesPieceLRight_Test" classname="TetrisTest" time="0"/>
  <testcase name="alMoverHaciaAbajoSuperaLosLimitesDelBoard_Test" classname="TetrisTest" time="0"/>
  <testcase name="rotarDerecha2VecesPieceLLeft_Test" classname="TetrisTest" time="0"/>
  <testcase name="rotarDerecha4VecesT_Test" classname="TetrisTest" time="0"/>
  <testcase name="rotarDerechaDogRightColumna0_test" classname="TetrisTest" time="0"/>
  <testcase name="agregarUnaPiezaRotadaHaciaLaDerechaEnElBoard_Test" classname="TetrisTest" time="0"/>
  <testcase name="rotarDerecha4VecesLRight_Test" classname="TetrisTest" time="0"/>
  <testcase name="rotarIzquierda2VecesPieceLRight_Test" classname="TetrisTest" time="0"/>
  <testcase name="rotarDerechaPieceLLeft_Test" classname="TetrisTest" time="0"/>
  <testcase name="PieceLLeft_Test" classname="TetrisTest" time="0"/>
  <testcase name="rotarIzquierdaLLeftColumna0_Test" classname="TetrisTest" time="0"/>
  <testcase name="rotarDerechaSquare_Test" classname="TetrisTest" time="0"/>
  <testcase name="rotarDerechaDogLeft_Test" classname="TetrisTest" time="0"/>
  <testcase name="alRotarDerechaLasPiezasSeSuperponen_Test" classname="TetrisTest" time="0"/>
  <testcase name="rotarDerechaPieceLRight_Test" classname="TetrisTest" time="0"/>
  <testcase name="rotarIzquierdaPiezaEnElBoard_Test" classname="TetrisTest" time="0.001"/>
  <testcase name="rotarDerecha2VecesDogRight_Test" classname="TetrisTest" time="0"/>
  <testcase name="rotarIzquierda4VecesLLeft_Test" classname="TetrisTest" time="0"/>
  <testcase name="moverColumnaIzquierdaStick_Test" classname="TetrisTest" time="0"/>
  <testcase name="PieceLRight_Test" classname="TetrisTest" time="0"/>
  <testcase name="PieceDogRight_Test" classname="TetrisTest" time="0"/>
  <testcase name="moverPiezaHaciaAbajo_Test" classname="TetrisTest" time="0"/>
  <testcase name="rotarIzquierdaStickColuma0_Test" classname="TetrisTest" time="0"/>
  <testcase name="rotarIzquierdaT_Test" classname="TetrisTest" time="0"/>
  <testcase name="rotarIzquierdaSquare_Test" classname="TetrisTest" time="0"/>
  <testcase name="rotarIzquierdaStickIColuma1_Test" classname="TetrisTest" time="0"/>
  <testcase name="alRotarIzquierdaLasPiezasSeSuperponen_Test" classname="TetrisTest" time="0"/>
  <testcase name="PieceSquare_Test" classname="TetrisTest" time="0"/>
  <testcase name="rotarIzquierda2VecesT_Test" classname="TetrisTest" time="0"/>
  <testcase name="moverColumnaIzquierdaDogLeft_Test" classname="TetrisTest" time="0"/>
  <testcase name="rotarIzquierda2VecesPieceLLeft_Test" classname="TetrisTest" time="0"/>
  <testcase name="rotarIzquierda3VecesT_Test" classname="TetrisTest" time="0"/>
  <testcase name="rotarDerechaLLeftColumna0_Test" classname="TetrisTest" time="0"/>
  <testcase name="rotarIzquierdaDogRightColumna0_test" classname="TetrisTest" time="0"/>
  <testcase name="rotarIzquierda3VecesPieceLLeft_Test" classname="TetrisTest" time="0"/>
  <testcase name="rotarIzquierda4VecesT_Test" classname="TetrisTest" time="0"/>
  <testcase name="moverColumnaIzquierdaLLeft_Test" classname="TetrisTest" time="0"/>
  <testcase name="rotarIzquierdaPieceLLeft_Test" classname="TetrisTest" time="0"/>
  <testcase name="rotarDerechaStickColuma0_Test" classname="TetrisTest" time="0"/>
  <testcase name="moverColumaIzquierdaT_Test" classname="TetrisTest" time="0"/>
  <testcase name="create_Tetris" classname="TetrisTest" time="0"/>
  <testcase name="rotarIzquierdaDogRightRotadoDerecha" classname="TetrisTest" time="0"/>
  <testcase name="alRotarIzquierdaSuperaLosLimitesDelTablero_Test" classname="TetrisTest" time="0"/>
  <testcase name="PieceDogLeft_Test" classname="TetrisTest" time="0"/>
  <testcase name="borrarLineTetris_Test" classname="TetrisTest" time="0"/>
  <testcase name="rotarIzquierdaTColumna0_Test" classname="TetrisTest" time="0"/>
  <testcase name="rotarIzquierdaDogLeft_Test" classname="TetrisTest" time="0"/>
  <testcase name="rotarDerechaStickIColuma1_Test" classname="TetrisTest" time="0"/>
  <testcase name="rotarDerechaDogRight_Test" classname="TetrisTest" time="0"/>
  <testcase name="rotarIzquierda3VecesLRight_Test" classname="TetrisTest" time="0"/>
  <testcase name="rotarIzquierda2VecesDogLeft_Test" classname="TetrisTest" time="0"/>
  <testcase name="rotarIzquierdaPieceLRight_Test" classname="TetrisTest" time="0"/>
  <testcase name="RotarIquierda2VecesStick_Test" classname="TetrisTest" time="0"/>
  <testcase name="alRotarDerechaSuperaLosLimitesDelTablero_Test" classname="TetrisTest" time="0"/>
  <testcase name="RotarDerechaStick_Test" classname="TetrisTest" time="0"/>
</testsuite>